<?xml version="1.0" encoding="UTF-8" ?>
<testsuite errors="0" failures="0" hostname="daniel" name="tests.DataPointTest" skipped="0" tests="4" time="0.102" timestamp="2014-08-18T07:59:29">
  <properties>
[...]
</properties>
  <testcase classname="tests.DataPointTest" name="testcalculateDistance" time="0.013" />
  <testcase classname="tests.DataPointTest" name="testcalculateSpeed" time="0.005" />
  <testcase classname="tests.DataPointTest" name="testDateString" time="0.002" />
  <testcase classname="tests.DataPointTest" name="testTimeString" time="0.001" />
  <system-out><![CDATA[10/06/2005
]]></system-out>
  <system-err><![CDATA[]]></system-err>
</testsuite>
