<?xml version="1.0" encoding="UTF-8" ?>
<testsuite errors="0" failures="0" hostname="daniel" name="tests.UserProfileTest" skipped="0" tests="9" time="0.061" timestamp="2014-09-13T21:17:23">
  <properties>
[...]
</properties>
  <testcase classname="tests.UserProfileTest" name="testChangeHeight" time="0.002" />
  <testcase classname="tests.UserProfileTest" name="testGetWeight" time="0.003" />
  <testcase classname="tests.UserProfileTest" name="testGetName" time="0.001" />
  <testcase classname="tests.UserProfileTest" name="testGetAge" time="0.0" />
  <testcase classname="tests.UserProfileTest" name="testGetGender" time="0.0" />
  <testcase classname="tests.UserProfileTest" name="testGetBMI" time="0.0" />
  <testcase classname="tests.UserProfileTest" name="testChangeWeight" time="0.001" />
  <testcase classname="tests.UserProfileTest" name="testToString" time="0.004" />
  <testcase classname="tests.UserProfileTest" name="testGetHeight" time="0.0" />
  <system-out><![CDATA[]]></system-out>
  <system-err><![CDATA[]]></system-err>
</testsuite>
