<?xml version="1.0" encoding="UTF-8" ?>
<testsuite errors="0" failures="0" hostname="Sams-MacBook-Pro.local" name="tests.DataPointTest" skipped="0" tests="4" time="0.056" timestamp="2014-08-19T01:44:54">
  <properties>
[...]
</properties>
  <testcase classname="tests.DataPointTest" name="testDateString" time="0.006" />
  <testcase classname="tests.DataPointTest" name="testTimeString" time="0.003" />
  <testcase classname="tests.DataPointTest" name="testcalculateDistance" time="0.0" />
  <testcase classname="tests.DataPointTest" name="testcalculateSpeed" time="0.0" />
  <system-out><![CDATA[]]></system-out>
  <system-err><![CDATA[]]></system-err>
</testsuite>
